  [1m[35m (36.0ms)[0m  [1m[34mSELECT sqlite_version(*)[0m
  [1m[35m (2.2ms)[0m  [1m[35mCREATE TABLE "schema_migrations" ("version" varchar NOT NULL PRIMARY KEY)[0m
  [1m[35m (2.6ms)[0m  [1m[35mCREATE TABLE "ar_internal_metadata" ("key" varchar NOT NULL PRIMARY KEY, "value" varchar, "created_at" datetime(6) NOT NULL, "updated_at" datetime(6) NOT NULL)[0m
  [1m[35m (0.2ms)[0m  [1m[34mSELECT "schema_migrations"."version" FROM "schema_migrations" ORDER BY "schema_migrations"."version" ASC[0m
Migrating to CreatePosts (20210207035544)
  [1m[35m (0.1ms)[0m  [1m[36mbegin transaction[0m
  [1m[35m (0.6ms)[0m  [1m[35mCREATE TABLE "posts" ("id" integer PRIMARY KEY AUTOINCREMENT NOT NULL, "content" varchar, "created_at" datetime(6) NOT NULL, "updated_at" datetime(6) NOT NULL)[0m
  [1m[36mprimary::SchemaMigration Create (0.2ms)[0m  [1m[32mINSERT INTO "schema_migrations" ("version") VALUES (?)[0m  [["version", "20210207035544"]]
  [1m[35m (10.6ms)[0m  [1m[36mcommit transaction[0m
Migrating to CreateComments (20210207040230)
  [1m[35m (0.1ms)[0m  [1m[36mbegin transaction[0m
  [1m[35m (0.7ms)[0m  [1m[35mCREATE TABLE "comments" ("id" integer PRIMARY KEY AUTOINCREMENT NOT NULL, "content" varchar, "post_id" integer NOT NULL, "created_at" datetime(6) NOT NULL, "updated_at" datetime(6) NOT NULL, CONSTRAINT "fk_rails_2fd19c0db7"
FOREIGN KEY ("post_id")
  REFERENCES "posts" ("id")
)[0m
  [1m[35m (0.7ms)[0m  [1m[35mCREATE  INDEX "index_comments_on_post_id" ON "comments" ("post_id")[0m
  [1m[36mprimary::SchemaMigration Create (0.2ms)[0m  [1m[32mINSERT INTO "schema_migrations" ("version") VALUES (?)[0m  [["version", "20210207040230"]]
  [1m[35m (4.7ms)[0m  [1m[36mcommit transaction[0m
  [1m[36mActiveRecord::InternalMetadata Load (0.3ms)[0m  [1m[34mSELECT "ar_internal_metadata".* FROM "ar_internal_metadata" WHERE "ar_internal_metadata"."key" = ? LIMIT ?[0m  [["key", "environment"], ["LIMIT", 1]]
  [1m[35m (0.1ms)[0m  [1m[36mbegin transaction[0m
  [1m[36mActiveRecord::InternalMetadata Create (0.6ms)[0m  [1m[32mINSERT INTO "ar_internal_metadata" ("key", "value", "created_at", "updated_at") VALUES (?, ?, ?, ?)[0m  [["key", "environment"], ["value", "development"], ["created_at", "2021-02-07 04:03:33.384176"], ["updated_at", "2021-02-07 04:03:33.384176"]]
  [1m[35m (7.9ms)[0m  [1m[36mcommit transaction[0m
  [1m[35m (0.1ms)[0m  [1m[34mSELECT sqlite_version(*)[0m
  [1m[35m (0.2ms)[0m  [1m[34mSELECT "schema_migrations"."version" FROM "schema_migrations" ORDER BY "schema_migrations"."version" ASC[0m
  [1m[35m (1.0ms)[0m  [1m[34mSELECT sqlite_version(*)[0m
  [1m[35m (1.3ms)[0m  [1m[34mSELECT "schema_migrations"."version" FROM "schema_migrations" ORDER BY "schema_migrations"."version" ASC[0m
  [1m[35m (0.1ms)[0m  [1m[34mSELECT sqlite_version(*)[0m
  [1m[36mPost Destroy (1.3ms)[0m  [1m[31mDELETE FROM "posts"[0m
  [1m[36mComment Destroy (0.7ms)[0m  [1m[31mDELETE FROM "comments"[0m
  [1m[35m (0.1ms)[0m  [1m[36mbegin transaction[0m
  [1m[36mPost Create (7.5ms)[0m  [1m[32mINSERT INTO "posts" ("content", "created_at", "updated_at") VALUES (?, ?, ?)[0m  [["content", "Hello, this is a post."], ["created_at", "2021-02-07 04:07:38.528446"], ["updated_at", "2021-02-07 04:07:38.528446"]]
  [1m[35m (2.6ms)[0m  [1m[36mcommit transaction[0m
  [1m[35m (0.1ms)[0m  [1m[36mbegin transaction[0m
  [1m[36mPost Create (0.6ms)[0m  [1m[32mINSERT INTO "posts" ("content", "created_at", "updated_at") VALUES (?, ?, ?)[0m  [["content", "Hello, this is a second post."], ["created_at", "2021-02-07 04:07:38.547445"], ["updated_at", "2021-02-07 04:07:38.547445"]]
  [1m[35m (21.7ms)[0m  [1m[36mcommit transaction[0m
  [1m[35m (0.1ms)[0m  [1m[36mbegin transaction[0m
  [1m[36mPost Load (0.2ms)[0m  [1m[34mSELECT "posts".* FROM "posts" WHERE "posts"."id" = ? LIMIT ?[0m  [["id", 1], ["LIMIT", 1]]
  [1m[36mComment Create (1.1ms)[0m  [1m[32mINSERT INTO "comments" ("content", "post_id", "created_at", "updated_at") VALUES (?, ?, ?, ?)[0m  [["content", "Hello, this is a comment."], ["post_id", 1], ["created_at", "2021-02-07 04:07:38.650112"], ["updated_at", "2021-02-07 04:07:38.650112"]]
  [1m[35m (1.0ms)[0m  [1m[36mcommit transaction[0m
  [1m[35m (0.1ms)[0m  [1m[36mbegin transaction[0m
  [1m[36mPost Load (0.1ms)[0m  [1m[34mSELECT "posts".* FROM "posts" WHERE "posts"."id" = ? LIMIT ?[0m  [["id", 2], ["LIMIT", 1]]
  [1m[36mComment Create (0.4ms)[0m  [1m[32mINSERT INTO "comments" ("content", "post_id", "created_at", "updated_at") VALUES (?, ?, ?, ?)[0m  [["content", "Hello, this is a second comment."], ["post_id", 2], ["created_at", "2021-02-07 04:07:38.668009"], ["updated_at", "2021-02-07 04:07:38.668009"]]
  [1m[35m (0.9ms)[0m  [1m[36mcommit transaction[0m
Started GET "/" for ::1 at 2021-02-06 22:10:54 -0600
  [1m[35m (14.8ms)[0m  [1m[34mSELECT sqlite_version(*)[0m
  [1m[35m (0.8ms)[0m  [1m[34mSELECT "schema_migrations"."version" FROM "schema_migrations" ORDER BY "schema_migrations"."version" ASC[0m
Processing by Rails::WelcomeController#index as HTML
  Rendering /Users/teodorogarcia/.rvm/gems/ruby-2.6.1/gems/railties-6.0.3.4/lib/rails/templates/rails/welcome/index.html.erb
  Rendered /Users/teodorogarcia/.rvm/gems/ruby-2.6.1/gems/railties-6.0.3.4/lib/rails/templates/rails/welcome/index.html.erb (Duration: 17.8ms | Allocations: 480)
Completed 200 OK in 55ms (Views: 48.0ms | ActiveRecord: 0.0ms | Allocations: 2631)


Started GET "/posts" for ::1 at 2021-02-06 22:11:00 -0600
  
AbstractController::ActionNotFound (The action 'index' could not be found for PostsController):
  
actionpack (6.0.3.4) lib/abstract_controller/base.rb:131:in `process'
actionpack (6.0.3.4) lib/action_controller/metal.rb:190:in `dispatch'
actionpack (6.0.3.4) lib/action_controller/metal.rb:254:in `dispatch'
actionpack (6.0.3.4) lib/action_dispatch/routing/route_set.rb:50:in `dispatch'
actionpack (6.0.3.4) lib/action_dispatch/routing/route_set.rb:33:in `serve'
actionpack (6.0.3.4) lib/action_dispatch/journey/router.rb:49:in `block in serve'
actionpack (6.0.3.4) lib/action_dispatch/journey/router.rb:32:in `each'
actionpack (6.0.3.4) lib/action_dispatch/journey/router.rb:32:in `serve'
actionpack (6.0.3.4) lib/action_dispatch/routing/route_set.rb:834:in `call'
rack (2.2.3) lib/rack/etag.rb:27:in `call'
rack (2.2.3) lib/rack/conditional_get.rb:27:in `call'
rack (2.2.3) lib/rack/head.rb:12:in `call'
activerecord (6.0.3.4) lib/active_record/migration.rb:567:in `call'
actionpack (6.0.3.4) lib/action_dispatch/middleware/callbacks.rb:27:in `block in call'
activesupport (6.0.3.4) lib/active_support/callbacks.rb:101:in `run_callbacks'
actionpack (6.0.3.4) lib/action_dispatch/middleware/callbacks.rb:26:in `call'
actionpack (6.0.3.4) lib/action_dispatch/middleware/executor.rb:14:in `call'
actionpack (6.0.3.4) lib/action_dispatch/middleware/actionable_exceptions.rb:18:in `call'
actionpack (6.0.3.4) lib/action_dispatch/middleware/debug_exceptions.rb:32:in `call'
actionpack (6.0.3.4) lib/action_dispatch/middleware/show_exceptions.rb:33:in `call'
railties (6.0.3.4) lib/rails/rack/logger.rb:37:in `call_app'
railties (6.0.3.4) lib/rails/rack/logger.rb:26:in `block in call'
activesupport (6.0.3.4) lib/active_support/tagged_logging.rb:80:in `block in tagged'
activesupport (6.0.3.4) lib/active_support/tagged_logging.rb:28:in `tagged'
activesupport (6.0.3.4) lib/active_support/tagged_logging.rb:80:in `tagged'
railties (6.0.3.4) lib/rails/rack/logger.rb:26:in `call'
actionpack (6.0.3.4) lib/action_dispatch/middleware/remote_ip.rb:81:in `call'
actionpack (6.0.3.4) lib/action_dispatch/middleware/request_id.rb:27:in `call'
rack (2.2.3) lib/rack/runtime.rb:22:in `call'
activesupport (6.0.3.4) lib/active_support/cache/strategy/local_cache_middleware.rb:29:in `call'
actionpack (6.0.3.4) lib/action_dispatch/middleware/executor.rb:14:in `call'
actionpack (6.0.3.4) lib/action_dispatch/middleware/static.rb:126:in `call'
rack (2.2.3) lib/rack/sendfile.rb:110:in `call'
actionpack (6.0.3.4) lib/action_dispatch/middleware/host_authorization.rb:82:in `call'
rack-cors (1.1.1) lib/rack/cors.rb:100:in `call'
railties (6.0.3.4) lib/rails/engine.rb:527:in `call'
puma (4.3.7) lib/puma/configuration.rb:228:in `call'
puma (4.3.7) lib/puma/server.rb:713:in `handle_request'
puma (4.3.7) lib/puma/server.rb:472:in `process_client'
puma (4.3.7) lib/puma/server.rb:328:in `block in run'
puma (4.3.7) lib/puma/thread_pool.rb:134:in `block in spawn_thread'
  [1m[35m (1.2ms)[0m  [1m[34mSELECT sqlite_version(*)[0m
  [1m[36mPost Load (1.6ms)[0m  [1m[34mSELECT "posts".* FROM "posts" LIMIT ?[0m  [["LIMIT", 11]]
  [1m[36mComment Load (0.6ms)[0m  [1m[34mSELECT "comments".* FROM "comments" LIMIT ?[0m  [["LIMIT", 11]]
Started GET "/" for ::1 at 2021-02-06 22:31:06 -0600
  [1m[35m (1.9ms)[0m  [1m[34mSELECT sqlite_version(*)[0m
  [1m[35m (0.9ms)[0m  [1m[34mSELECT "schema_migrations"."version" FROM "schema_migrations" ORDER BY "schema_migrations"."version" ASC[0m
Processing by Rails::WelcomeController#index as HTML
  Rendering /Users/teodorogarcia/.rvm/gems/ruby-2.6.1/gems/railties-6.0.3.4/lib/rails/templates/rails/welcome/index.html.erb
  Rendered /Users/teodorogarcia/.rvm/gems/ruby-2.6.1/gems/railties-6.0.3.4/lib/rails/templates/rails/welcome/index.html.erb (Duration: 11.1ms | Allocations: 315)
Completed 200 OK in 82ms (Views: 57.4ms | ActiveRecord: 0.0ms | Allocations: 1595)


Started GET "/posts" for ::1 at 2021-02-06 22:31:17 -0600
Processing by PostsController#index as HTML
  [1m[36mPost Load (0.7ms)[0m  [1m[34mSELECT "posts".* FROM "posts"[0m
  ↳ app/controllers/posts_controller.rb:3:in `map'
  [1m[36mComment Load (0.7ms)[0m  [1m[34mSELECT "comments".* FROM "comments" WHERE "comments"."post_id" = ?[0m  [["post_id", 1]]
  ↳ app/controllers/posts_controller.rb:3:in `index'
  [1m[36mComment Load (0.1ms)[0m  [1m[34mSELECT "comments".* FROM "comments" WHERE "comments"."post_id" = ?[0m  [["post_id", 2]]
  ↳ app/controllers/posts_controller.rb:3:in `index'
Completed 200 OK in 127ms (Views: 83.3ms | ActiveRecord: 5.4ms | Allocations: 15206)


Started GET "/posts" for ::1 at 2021-02-06 22:50:38 -0600
  [1m[35m (0.4ms)[0m  [1m[34mSELECT sqlite_version(*)[0m
Processing by PostsController#index as */*
  [1m[36mPost Load (1.0ms)[0m  [1m[34mSELECT "posts".* FROM "posts"[0m
  ↳ app/controllers/posts_controller.rb:3:in `map'
  [1m[36mComment Load (1.5ms)[0m  [1m[34mSELECT "comments".* FROM "comments" WHERE "comments"."post_id" = ?[0m  [["post_id", 1]]
  ↳ app/controllers/posts_controller.rb:3:in `index'
  [1m[36mComment Load (0.2ms)[0m  [1m[34mSELECT "comments".* FROM "comments" WHERE "comments"."post_id" = ?[0m  [["post_id", 2]]
  ↳ app/controllers/posts_controller.rb:3:in `index'
Completed 200 OK in 28ms (Views: 16.5ms | ActiveRecord: 2.6ms | Allocations: 3153)


Started POST "/posts" for ::1 at 2021-02-06 22:50:47 -0600
Processing by PostsController#create as JSON
  Parameters: {"content"=>"This is a new post", "post"=>{"content"=>"This is a new post"}}
  [1m[35m (0.1ms)[0m  [1m[36mbegin transaction[0m
  ↳ app/controllers/posts_controller.rb:9:in `create'
  [1m[36mPost Create (1.1ms)[0m  [1m[32mINSERT INTO "posts" ("content", "created_at", "updated_at") VALUES (?, ?, ?)[0m  [["content", "This is a new post"], ["created_at", "2021-02-07 04:50:47.049550"], ["updated_at", "2021-02-07 04:50:47.049550"]]
  ↳ app/controllers/posts_controller.rb:9:in `create'
  [1m[35m (1.2ms)[0m  [1m[36mcommit transaction[0m
  ↳ app/controllers/posts_controller.rb:9:in `create'
  [1m[36mComment Load (0.2ms)[0m  [1m[34mSELECT "comments".* FROM "comments" WHERE "comments"."post_id" = ?[0m  [["post_id", 3]]
  ↳ app/controllers/posts_controller.rb:10:in `create'
Completed 200 OK in 14ms (Views: 2.2ms | ActiveRecord: 2.6ms | Allocations: 3631)


Started POST "/comments" for ::1 at 2021-02-06 22:50:57 -0600
Processing by CommentsController#create as JSON
  Parameters: {"content"=>"this is a comment to the new dom post", "post_id"=>"3", "comment"=>{"content"=>"this is a comment to the new dom post", "post_id"=>"3"}}
  [1m[35m (0.1ms)[0m  [1m[36mbegin transaction[0m
  ↳ app/controllers/comments_controller.rb:11:in `create'
  [1m[36mPost Load (0.2ms)[0m  [1m[34mSELECT "posts".* FROM "posts" WHERE "posts"."id" = ? LIMIT ?[0m  [["id", 3], ["LIMIT", 1]]
  ↳ app/controllers/comments_controller.rb:11:in `create'
  [1m[36mComment Create (0.5ms)[0m  [1m[32mINSERT INTO "comments" ("content", "post_id", "created_at", "updated_at") VALUES (?, ?, ?, ?)[0m  [["content", "this is a comment to the new dom post"], ["post_id", 3], ["created_at", "2021-02-07 04:50:57.080584"], ["updated_at", "2021-02-07 04:50:57.080584"]]
  ↳ app/controllers/comments_controller.rb:11:in `create'
  [1m[35m (1.7ms)[0m  [1m[36mcommit transaction[0m
  ↳ app/controllers/comments_controller.rb:11:in `create'
Completed 200 OK in 13ms (Views: 0.7ms | ActiveRecord: 2.5ms | Allocations: 3908)


Started DELETE "/posts/3" for ::1 at 2021-02-06 22:51:16 -0600
Processing by PostsController#destroy as */*
  Parameters: {"id"=>"3"}
  [1m[36mPost Load (0.2ms)[0m  [1m[34mSELECT "posts".* FROM "posts" WHERE "posts"."id" = ? LIMIT ?[0m  [["id", 3], ["LIMIT", 1]]
  ↳ app/controllers/posts_controller.rb:16:in `destroy'
  [1m[35m (0.1ms)[0m  [1m[36mbegin transaction[0m
  ↳ app/controllers/posts_controller.rb:17:in `destroy'
  [1m[36mPost Destroy (1.1ms)[0m  [1m[31mDELETE FROM "posts" WHERE "posts"."id" = ?[0m  [["id", 3]]
  ↳ app/controllers/posts_controller.rb:17:in `destroy'
  [1m[35m (0.7ms)[0m  [1m[31mrollback transaction[0m
  ↳ app/controllers/posts_controller.rb:17:in `destroy'
Completed 500 Internal Server Error in 8ms (ActiveRecord: 2.1ms | Allocations: 2689)


  
ActiveRecord::InvalidForeignKey (SQLite3::ConstraintException: FOREIGN KEY constraint failed):
  
app/controllers/posts_controller.rb:17:in `destroy'
Started GET "/posts" for ::1 at 2021-02-06 22:52:36 -0600
Processing by PostsController#index as */*
  [1m[36mPost Load (1.2ms)[0m  [1m[34mSELECT "posts".* FROM "posts"[0m
  ↳ app/controllers/posts_controller.rb:3:in `map'
  [1m[36mComment Load (0.3ms)[0m  [1m[34mSELECT "comments".* FROM "comments" WHERE "comments"."post_id" = ?[0m  [["post_id", 1]]
  ↳ app/controllers/posts_controller.rb:3:in `index'
  [1m[36mComment Load (0.2ms)[0m  [1m[34mSELECT "comments".* FROM "comments" WHERE "comments"."post_id" = ?[0m  [["post_id", 2]]
  ↳ app/controllers/posts_controller.rb:3:in `index'
  [1m[36mComment Load (0.2ms)[0m  [1m[34mSELECT "comments".* FROM "comments" WHERE "comments"."post_id" = ?[0m  [["post_id", 3]]
  ↳ app/controllers/posts_controller.rb:3:in `index'
Completed 200 OK in 14ms (Views: 10.3ms | ActiveRecord: 1.9ms | Allocations: 4365)


Started DELETE "/posts/3" for ::1 at 2021-02-06 22:52:42 -0600
Processing by PostsController#destroy as */*
  Parameters: {"id"=>"3"}
  [1m[36mPost Load (0.2ms)[0m  [1m[34mSELECT "posts".* FROM "posts" WHERE "posts"."id" = ? LIMIT ?[0m  [["id", 3], ["LIMIT", 1]]
  ↳ app/controllers/posts_controller.rb:16:in `destroy'
  [1m[35m (0.1ms)[0m  [1m[36mbegin transaction[0m
  ↳ app/controllers/posts_controller.rb:17:in `destroy'
  [1m[36mPost Destroy (1.0ms)[0m  [1m[31mDELETE FROM "posts" WHERE "posts"."id" = ?[0m  [["id", 3]]
  ↳ app/controllers/posts_controller.rb:17:in `destroy'
  [1m[35m (1.1ms)[0m  [1m[31mrollback transaction[0m
  ↳ app/controllers/posts_controller.rb:17:in `destroy'
Completed 500 Internal Server Error in 7ms (ActiveRecord: 2.3ms | Allocations: 2538)


  
ActiveRecord::InvalidForeignKey (SQLite3::ConstraintException: FOREIGN KEY constraint failed):
  
app/controllers/posts_controller.rb:17:in `destroy'
Started GET "/posts" for ::1 at 2021-02-06 22:53:07 -0600
  [1m[35m (0.1ms)[0m  [1m[34mSELECT sqlite_version(*)[0m
Processing by PostsController#index as */*
  [1m[36mPost Load (0.4ms)[0m  [1m[34mSELECT "posts".* FROM "posts"[0m
  ↳ app/controllers/posts_controller.rb:3:in `map'
  [1m[36mComment Load (0.3ms)[0m  [1m[34mSELECT "comments".* FROM "comments" WHERE "comments"."post_id" = ?[0m  [["post_id", 1]]
  ↳ app/controllers/posts_controller.rb:3:in `index'
  [1m[36mComment Load (0.2ms)[0m  [1m[34mSELECT "comments".* FROM "comments" WHERE "comments"."post_id" = ?[0m  [["post_id", 2]]
  ↳ app/controllers/posts_controller.rb:3:in `index'
  [1m[36mComment Load (0.2ms)[0m  [1m[34mSELECT "comments".* FROM "comments" WHERE "comments"."post_id" = ?[0m  [["post_id", 3]]
  ↳ app/controllers/posts_controller.rb:3:in `index'
Completed 200 OK in 55ms (Views: 24.5ms | ActiveRecord: 5.2ms | Allocations: 12130)


Started DELETE "/posts/3" for ::1 at 2021-02-06 22:53:09 -0600
Processing by PostsController#destroy as */*
  Parameters: {"id"=>"3"}
  [1m[36mPost Load (0.5ms)[0m  [1m[34mSELECT "posts".* FROM "posts" WHERE "posts"."id" = ? LIMIT ?[0m  [["id", 3], ["LIMIT", 1]]
  ↳ app/controllers/posts_controller.rb:16:in `destroy'
  [1m[36mPost Destroy (1.7ms)[0m  [1m[31mDELETE FROM "posts" WHERE "posts"."id" = ?[0m  [["id", 3]]
  ↳ app/controllers/posts_controller.rb:17:in `destroy'
Completed 500 Internal Server Error in 7ms (ActiveRecord: 2.3ms | Allocations: 1210)


  
ActiveRecord::InvalidForeignKey (SQLite3::ConstraintException: FOREIGN KEY constraint failed):
  
app/controllers/posts_controller.rb:17:in `destroy'
Started GET "/posts" for ::1 at 2021-02-06 22:53:11 -0600
Processing by PostsController#index as */*
  [1m[36mPost Load (0.2ms)[0m  [1m[34mSELECT "posts".* FROM "posts"[0m
  ↳ app/controllers/posts_controller.rb:3:in `map'
  [1m[36mComment Load (0.2ms)[0m  [1m[34mSELECT "comments".* FROM "comments" WHERE "comments"."post_id" = ?[0m  [["post_id", 1]]
  ↳ app/controllers/posts_controller.rb:3:in `index'
  [1m[36mComment Load (0.2ms)[0m  [1m[34mSELECT "comments".* FROM "comments" WHERE "comments"."post_id" = ?[0m  [["post_id", 2]]
  ↳ app/controllers/posts_controller.rb:3:in `index'
  [1m[36mComment Load (0.3ms)[0m  [1m[34mSELECT "comments".* FROM "comments" WHERE "comments"."post_id" = ?[0m  [["post_id", 3]]
  ↳ app/controllers/posts_controller.rb:3:in `index'
Completed 200 OK in 14ms (Views: 11.0ms | ActiveRecord: 0.9ms | Allocations: 4347)


Started DELETE "/posts/3" for ::1 at 2021-02-06 22:53:28 -0600
  [1m[35m (0.1ms)[0m  [1m[34mSELECT sqlite_version(*)[0m
Processing by PostsController#destroy as */*
  Parameters: {"id"=>"3"}
  [1m[36mPost Load (0.1ms)[0m  [1m[34mSELECT "posts".* FROM "posts" WHERE "posts"."id" = ? LIMIT ?[0m  [["id", 3], ["LIMIT", 1]]
  ↳ app/controllers/posts_controller.rb:16:in `destroy'
Completed 500 Internal Server Error in 16ms (ActiveRecord: 0.8ms | Allocations: 6306)


  
NoMethodError (undefined method `clear' for #<Post:0x00007fe6ddd217b8>):
  
app/controllers/posts_controller.rb:17:in `destroy'
Started GET "/posts" for ::1 at 2021-02-06 22:53:30 -0600
Processing by PostsController#index as */*
  [1m[36mPost Load (0.3ms)[0m  [1m[34mSELECT "posts".* FROM "posts"[0m
  ↳ app/controllers/posts_controller.rb:3:in `map'
  [1m[36mComment Load (0.3ms)[0m  [1m[34mSELECT "comments".* FROM "comments" WHERE "comments"."post_id" = ?[0m  [["post_id", 1]]
  ↳ app/controllers/posts_controller.rb:3:in `index'
  [1m[36mComment Load (0.2ms)[0m  [1m[34mSELECT "comments".* FROM "comments" WHERE "comments"."post_id" = ?[0m  [["post_id", 2]]
  ↳ app/controllers/posts_controller.rb:3:in `index'
  [1m[36mComment Load (0.4ms)[0m  [1m[34mSELECT "comments".* FROM "comments" WHERE "comments"."post_id" = ?[0m  [["post_id", 3]]
  ↳ app/controllers/posts_controller.rb:3:in `index'
Completed 200 OK in 34ms (Views: 28.0ms | ActiveRecord: 2.4ms | Allocations: 8453)


Started GET "/posts" for ::1 at 2021-02-06 22:53:53 -0600
  [1m[35m (0.1ms)[0m  [1m[34mSELECT sqlite_version(*)[0m
Processing by PostsController#index as */*
  [1m[36mPost Load (0.2ms)[0m  [1m[34mSELECT "posts".* FROM "posts"[0m
  ↳ app/controllers/posts_controller.rb:3:in `map'
  [1m[36mComment Load (0.1ms)[0m  [1m[34mSELECT "comments".* FROM "comments" WHERE "comments"."post_id" = ?[0m  [["post_id", 1]]
  ↳ app/controllers/posts_controller.rb:3:in `index'
  [1m[36mComment Load (0.3ms)[0m  [1m[34mSELECT "comments".* FROM "comments" WHERE "comments"."post_id" = ?[0m  [["post_id", 2]]
  ↳ app/controllers/posts_controller.rb:3:in `index'
  [1m[36mComment Load (0.2ms)[0m  [1m[34mSELECT "comments".* FROM "comments" WHERE "comments"."post_id" = ?[0m  [["post_id", 3]]
  ↳ app/controllers/posts_controller.rb:3:in `index'
Completed 200 OK in 39ms (Views: 16.4ms | ActiveRecord: 2.8ms | Allocations: 12087)


Started DELETE "/posts/3" for ::1 at 2021-02-06 22:53:54 -0600
Processing by PostsController#destroy as */*
  Parameters: {"id"=>"3"}
  [1m[36mPost Load (0.2ms)[0m  [1m[34mSELECT "posts".* FROM "posts" WHERE "posts"."id" = ? LIMIT ?[0m  [["id", 3], ["LIMIT", 1]]
  ↳ app/controllers/posts_controller.rb:16:in `destroy'
  [1m[35m (0.1ms)[0m  [1m[36mbegin transaction[0m
  ↳ app/controllers/posts_controller.rb:17:in `destroy'
  [1m[36mPost Destroy (1.5ms)[0m  [1m[31mDELETE FROM "posts" WHERE "posts"."id" = ?[0m  [["id", 3]]
  ↳ app/controllers/posts_controller.rb:17:in `destroy'
  [1m[35m (0.8ms)[0m  [1m[31mrollback transaction[0m
  ↳ app/controllers/posts_controller.rb:17:in `destroy'
Completed 500 Internal Server Error in 7ms (ActiveRecord: 2.6ms | Allocations: 2728)


  
ActiveRecord::InvalidForeignKey (SQLite3::ConstraintException: FOREIGN KEY constraint failed):
  
app/controllers/posts_controller.rb:17:in `destroy'
Started GET "/posts" for ::1 at 2021-02-06 22:54:37 -0600
Processing by PostsController#index as */*
  [1m[36mPost Load (0.2ms)[0m  [1m[34mSELECT "posts".* FROM "posts"[0m
  ↳ app/controllers/posts_controller.rb:3:in `map'
  [1m[36mComment Load (0.2ms)[0m  [1m[34mSELECT "comments".* FROM "comments" WHERE "comments"."post_id" = ?[0m  [["post_id", 1]]
  ↳ app/controllers/posts_controller.rb:3:in `index'
  [1m[36mComment Load (0.4ms)[0m  [1m[34mSELECT "comments".* FROM "comments" WHERE "comments"."post_id" = ?[0m  [["post_id", 2]]
  ↳ app/controllers/posts_controller.rb:3:in `index'
  [1m[36mComment Load (0.2ms)[0m  [1m[34mSELECT "comments".* FROM "comments" WHERE "comments"."post_id" = ?[0m  [["post_id", 3]]
  ↳ app/controllers/posts_controller.rb:3:in `index'
Completed 200 OK in 15ms (Views: 10.0ms | ActiveRecord: 1.0ms | Allocations: 4347)


Started GET "/posts" for ::1 at 2021-02-06 22:55:06 -0600
Processing by PostsController#index as */*
  [1m[36mPost Load (0.2ms)[0m  [1m[34mSELECT "posts".* FROM "posts"[0m
  ↳ app/controllers/posts_controller.rb:3:in `map'
  [1m[36mComment Load (0.3ms)[0m  [1m[34mSELECT "comments".* FROM "comments" WHERE "comments"."post_id" = ?[0m  [["post_id", 1]]
  ↳ app/controllers/posts_controller.rb:3:in `index'
  [1m[36mComment Load (0.9ms)[0m  [1m[34mSELECT "comments".* FROM "comments" WHERE "comments"."post_id" = ?[0m  [["post_id", 2]]
  ↳ app/controllers/posts_controller.rb:3:in `index'
  [1m[36mComment Load (0.2ms)[0m  [1m[34mSELECT "comments".* FROM "comments" WHERE "comments"."post_id" = ?[0m  [["post_id", 3]]
  ↳ app/controllers/posts_controller.rb:3:in `index'
Completed 200 OK in 15ms (Views: 11.6ms | ActiveRecord: 1.6ms | Allocations: 4348)


Started DELETE "/posts/3" for ::1 at 2021-02-06 22:55:08 -0600
Processing by PostsController#destroy as */*
  Parameters: {"id"=>"3"}
  [1m[36mPost Load (0.4ms)[0m  [1m[34mSELECT "posts".* FROM "posts" WHERE "posts"."id" = ? LIMIT ?[0m  [["id", 3], ["LIMIT", 1]]
  ↳ app/controllers/posts_controller.rb:16:in `destroy'
  [1m[35m (0.1ms)[0m  [1m[36mbegin transaction[0m
  ↳ app/controllers/posts_controller.rb:17:in `destroy'
  [1m[36mPost Destroy (0.8ms)[0m  [1m[31mDELETE FROM "posts" WHERE "posts"."id" = ?[0m  [["id", 3]]
  ↳ app/controllers/posts_controller.rb:17:in `destroy'
  [1m[35m (0.8ms)[0m  [1m[31mrollback transaction[0m
  ↳ app/controllers/posts_controller.rb:17:in `destroy'
Completed 500 Internal Server Error in 7ms (ActiveRecord: 2.1ms | Allocations: 2553)


  
ActiveRecord::InvalidForeignKey (SQLite3::ConstraintException: FOREIGN KEY constraint failed):
  
app/controllers/posts_controller.rb:17:in `destroy'
